SquareOff/app/build/intermediates/manifest_merge_blame_file/debug/manifest-merger-blame-debug-report.txt
1<?xml version="1.0" encoding="utf-8"?>
2<manifest xmlns:android="http://schemas.android.com/apk/res/android"
3    package="cmsc.com.squareoff"
4    android:versionCode="1"
5    android:versionName="1.0" >
6
7    <uses-sdk
8        android:minSdkVersion="21"
8-->src\main\AndroidManifest.xml
9        android:targetSdkVersion="31" />
9-->src\main\AndroidManifest.xml
10
11    <application
11-->src\main\AndroidManifest.xml:5:5-40:19
12        android:allowBackup="true"
12-->src\main\AndroidManifest.xml:6:9-35
13        android:appComponentFactory="androidx.core.app.CoreComponentFactory"
13-->[androidx.core:core:1.7.0] AndroidManifest.xml:24:18-86
14        android:debuggable="true"
15        android:icon="@mipmap/ic_launcher"
15-->src\main\AndroidManifest.xml:7:9-43
16        android:label="@string/app_name"
16-->src\main\AndroidManifest.xml:8:9-41
17        android:roundIcon="@mipmap/ic_launcher_round"
17-->src\main\AndroidManifest.xml:9:9-54
18        android:supportsRtl="true"
18-->src\main\AndroidManifest.xml:10:9-35
19        android:testOnly="true"
20        android:theme="@style/AppTheme" >
20-->src\main\AndroidManifest.xml:11:9-40
21        <activity
21-->src\main\AndroidManifest.xml:12:9-14:40
22            android:name="cmsc.com.squareoff.UI.WinnerActivity"
22-->src\main\AndroidManifest.xml:13:13-46
23            android:exported="false" />
23-->src\main\AndroidManifest.xml:14:13-37
24        <activity
24-->src\main\AndroidManifest.xml:15:9-17:40
25            android:name="cmsc.com.squareoff.UI.SelectPlayersActivity"
25-->src\main\AndroidManifest.xml:16:13-53
26            android:exported="false" />
26-->src\main\AndroidManifest.xml:17:13-37
27        <activity
27-->src\main\AndroidManifest.xml:18:9-20:40
28            android:name="cmsc.com.squareoff.UI.so3x3"
28-->src\main\AndroidManifest.xml:19:13-37
29            android:exported="false" />
29-->src\main\AndroidManifest.xml:20:13-37
30        <activity
30-->src\main\AndroidManifest.xml:21:9-23:40
31            android:name="cmsc.com.squareoff.UI.TutorialActivity"
31-->src\main\AndroidManifest.xml:22:13-48
32            android:exported="false" />
32-->src\main\AndroidManifest.xml:23:13-37
33        <activity
33-->src\main\AndroidManifest.xml:24:9-26:40
34            android:name="cmsc.com.squareoff.UI.GridActivity"
34-->src\main\AndroidManifest.xml:25:13-44
35            android:exported="false" />
35-->src\main\AndroidManifest.xml:26:13-37
36        <activity
36-->src\main\AndroidManifest.xml:27:9-35:20
37            android:name="cmsc.com.squareoff.UI.HomeActivity"
37-->src\main\AndroidManifest.xml:28:13-44
38            android:exported="true" >
38-->src\main\AndroidManifest.xml:29:13-36
39            <intent-filter>
39-->src\main\AndroidManifest.xml:30:13-34:29
40                <action android:name="android.intent.action.MAIN" />
40-->src\main\AndroidManifest.xml:31:17-69
40-->src\main\AndroidManifest.xml:31:25-66
41
42                <category android:name="android.intent.category.LAUNCHER" />
42-->src\main\AndroidManifest.xml:33:17-77
42-->src\main\AndroidManifest.xml:33:27-74
43            </intent-filter>
44        </activity>
45
46        <meta-data
46-->src\main\AndroidManifest.xml:37:9-39:57
47            android:name="preloaded_fonts"
47-->src\main\AndroidManifest.xml:38:13-43
48            android:resource="@array/preloaded_fonts" />
48-->src\main\AndroidManifest.xml:39:13-54
49
50        <provider
50-->[androidx.emoji2:emoji2:1.0.0] AndroidManifest.xml:26:9-34:20
51            android:name="androidx.startup.InitializationProvider"
51-->[androidx.emoji2:emoji2:1.0.0] AndroidManifest.xml:27:13-67
52            android:authorities="cmsc.com.squareoff.androidx-startup"
52-->[androidx.emoji2:emoji2:1.0.0] AndroidManifest.xml:28:13-68
53            android:exported="false" >
53-->[androidx.emoji2:emoji2:1.0.0] AndroidManifest.xml:29:13-37
54            <meta-data
54-->[androidx.emoji2:emoji2:1.0.0] AndroidManifest.xml:31:13-33:52
55                android:name="androidx.emoji2.text.EmojiCompatInitializer"
55-->[androidx.emoji2:emoji2:1.0.0] AndroidManifest.xml:32:17-75
56                android:value="androidx.startup" />
56-->[androidx.emoji2:emoji2:1.0.0] AndroidManifest.xml:33:17-49
57            <meta-data
57-->[androidx.lifecycle:lifecycle-process:2.4.0] AndroidManifest.xml:31:13-33:52
58                android:name="androidx.lifecycle.ProcessLifecycleInitializer"
58-->[androidx.lifecycle:lifecycle-process:2.4.0] AndroidManifest.xml:32:17-78
59                android:value="androidx.startup" />
59-->[androidx.lifecycle:lifecycle-process:2.4.0] AndroidManifest.xml:33:17-49
60        </provider>
61    </application>
62
63</manifest>